<?xml version="1.0" encoding="UTF-8"?>
<!-- Generated by org.testng.reporters.JUnitReportReporter -->
<testsuite hostname="LAPTOP-76NDMSJ7" failures="0" tests="1" name="runnerPackage.cucumberRunnerclass" time="19.813" errors="0" timestamp="2023-03-04T13:57:13 EST" skipped="0">
  <testcase classname="runnerPackage.cucumberRunnerclass" name="feature" time="19.813"/>
  <system-out/>
</testsuite> <!-- runnerPackage.cucumberRunnerclass -->
